# JRE version: OpenJDK Runtime Environment (21.0.5) (build 21.0.5+-13047016-b750.29)
# Java VM: OpenJDK 64-Bit Server VM (21.0.5+-13047016-b750.29, mixed mode, tiered, compressed oops, compressed class ptrs, g1 gc, windows-amd64)
GC Precious Log:
 CardTable entry size: 512
 Card Set container configuration: InlinePtr #cards 5 size 8 Array Of Cards #cards 12 size 40 Howl #buckets 4 coarsen threshold 1843 Howl Bitmap #cards 512 size 80 coarsen threshold 460 Card regions per heap region 1 cards per card region 2048
 CPUs: 4 total, 4 available
 Memory: 8111M
 Large Page Support: Disabled
 NUMA Support: Disabled
 Compressed Oops: Enabled (32-bit)
 Heap Region Size: 1M
 Heap Min Capacity: 8M
 Heap Initial Capacity: 128M
 Heap Max Capacity: 2G
 Pre-touch: Disabled
 Parallel Workers: 4
 Concurrent Workers: 1
 Concurrent Refinement Workers: 4
 Periodic GC: Disabled
Heap:
 garbage-first heap   total 336896K, used 277504K [0x0000000080000000, 0x0000000100000000)
  region size 1024K, 30 young (30720K), 10 survivors (10240K)
 Metaspace       used 127826K, committed 130048K, reserved 1179648K
  class space    used 17433K, committed 18560K, reserved 1048576K
GC Heap History (20 events):
Event: 35.089 GC heap before
{Heap before GC invocations=44 (full 0):
 garbage-first heap   total 186368K, used 149802K [0x0000000080000000, 0x0000000100000000)
  region size 1024K, 44 young (45056K), 5 survivors (5120K)
 Metaspace       used 115913K, committed 118080K, reserved 1179648K
  class space    used 15626K, committed 16704K, reserved 1048576K
}
Event: 35.107 GC heap after
{Heap after GC invocations=45 (full 0):
 garbage-first heap   total 186368K, used 110837K [0x0000000080000000, 0x0000000100000000)
  region size 1024K, 6 young (6144K), 6 survivors (6144K)
 Metaspace       used 115913K, committed 118080K, reserved 1179648K
  class space    used 15626K, committed 16704K, reserved 1048576K
}
Event: 36.931 GC heap before
{Heap before GC invocations=45 (full 0):
 garbage-first heap   total 186368K, used 168181K [0x0000000080000000, 0x0000000100000000)
  region size 1024K, 63 young (64512K), 6 survivors (6144K)
 Metaspace       used 116497K, committed 118720K, reserved 1179648K
  class space    used 15733K, committed 16832K, reserved 1048576K
}
Event: 36.953 GC heap after
{Heap after GC invocations=46 (full 0):
 garbage-first heap   total 186368K, used 113578K [0x0000000080000000, 0x0000000100000000)
  region size 1024K, 5 young (5120K), 5 survivors (5120K)
 Metaspace       used 116497K, committed 118720K, reserved 1179648K
  class space    used 15733K, committed 16832K, reserved 1048576K
}
Event: 38.906 GC heap before
{Heap before GC invocations=46 (full 0):
 garbage-first heap   total 186368K, used 169898K [0x0000000080000000, 0x0000000100000000)
  region size 1024K, 61 young (62464K), 5 survivors (5120K)
 Metaspace       used 118156K, committed 120320K, reserved 1179648K
  class space    used 15963K, committed 17024K, reserved 1048576K
}
Event: 38.924 GC heap after
{Heap after GC invocations=47 (full 0):
 garbage-first heap   total 186368K, used 117519K [0x0000000080000000, 0x0000000100000000)
  region size 1024K, 6 young (6144K), 6 survivors (6144K)
 Metaspace       used 118156K, committed 120320K, reserved 1179648K
  class space    used 15963K, committed 17024K, reserved 1048576K
}
Event: 41.136 GC heap before
{Heap before GC invocations=48 (full 0):
 garbage-first heap   total 198656K, used 166671K [0x0000000080000000, 0x0000000100000000)
  region size 1024K, 55 young (56320K), 6 survivors (6144K)
 Metaspace       used 120926K, committed 123200K, reserved 1179648K
  class space    used 16298K, committed 17472K, reserved 1048576K
}
Event: 41.160 GC heap after
{Heap after GC invocations=49 (full 0):
 garbage-first heap   total 198656K, used 121484K [0x0000000080000000, 0x0000000100000000)
  region size 1024K, 5 young (5120K), 5 survivors (5120K)
 Metaspace       used 120926K, committed 123200K, reserved 1179648K
  class space    used 16298K, committed 17472K, reserved 1048576K
}
Event: 43.909 GC heap before
{Heap before GC invocations=49 (full 0):
 garbage-first heap   total 198656K, used 197260K [0x0000000080000000, 0x0000000100000000)
  region size 1024K, 52 young (53248K), 5 survivors (5120K)
 Metaspace       used 122915K, committed 125248K, reserved 1179648K
  class space    used 16568K, committed 17728K, reserved 1048576K
}
Event: 43.936 GC heap after
{Heap after GC invocations=50 (full 0):
 garbage-first heap   total 211968K, used 154951K [0x0000000080000000, 0x0000000100000000)
  region size 1024K, 8 young (8192K), 8 survivors (8192K)
 Metaspace       used 122915K, committed 125248K, reserved 1179648K
  class space    used 16568K, committed 17728K, reserved 1048576K
}
Event: 44.663 GC heap before
{Heap before GC invocations=50 (full 0):
 garbage-first heap   total 211968K, used 170311K [0x0000000080000000, 0x0000000100000000)
  region size 1024K, 25 young (25600K), 8 survivors (8192K)
 Metaspace       used 124802K, committed 127104K, reserved 1179648K
  class space    used 16847K, committed 17984K, reserved 1048576K
}
Event: 44.671 GC heap after
{Heap after GC invocations=51 (full 0):
 garbage-first heap   total 211968K, used 156790K [0x0000000080000000, 0x0000000100000000)
  region size 1024K, 2 young (2048K), 2 survivors (2048K)
 Metaspace       used 124802K, committed 127104K, reserved 1179648K
  class space    used 16847K, committed 17984K, reserved 1048576K
}
Event: 44.831 GC heap before
{Heap before GC invocations=51 (full 0):
 garbage-first heap   total 222208K, used 220278K [0x0000000080000000, 0x0000000100000000)
  region size 1024K, 13 young (13312K), 2 survivors (2048K)
 Metaspace       used 124811K, committed 127104K, reserved 1179648K
  class space    used 16847K, committed 17984K, reserved 1048576K
}
Event: 44.839 GC heap after
{Heap after GC invocations=52 (full 0):
 garbage-first heap   total 227328K, used 181211K [0x0000000080000000, 0x0000000100000000)
  region size 1024K, 5 young (5120K), 5 survivors (5120K)
 Metaspace       used 124811K, committed 127104K, reserved 1179648K
  class space    used 16847K, committed 17984K, reserved 1048576K
}
Event: 46.030 GC heap before
{Heap before GC invocations=53 (full 0):
 garbage-first heap   total 336896K, used 222171K [0x0000000080000000, 0x0000000100000000)
  region size 1024K, 27 young (27648K), 5 survivors (5120K)
 Metaspace       used 125079K, committed 127360K, reserved 1179648K
  class space    used 16889K, committed 18048K, reserved 1048576K
}
Event: 46.049 GC heap after
{Heap after GC invocations=54 (full 0):
 garbage-first heap   total 336896K, used 195773K [0x0000000080000000, 0x0000000100000000)
  region size 1024K, 4 young (4096K), 4 survivors (4096K)
 Metaspace       used 125079K, committed 127360K, reserved 1179648K
  class space    used 16889K, committed 18048K, reserved 1048576K
}
Event: 49.305 GC heap before
{Heap before GC invocations=54 (full 0):
 garbage-first heap   total 336896K, used 286909K [0x0000000080000000, 0x0000000100000000)
  region size 1024K, 90 young (92160K), 4 survivors (4096K)
 Metaspace       used 126826K, committed 129024K, reserved 1179648K
  class space    used 17324K, committed 18432K, reserved 1048576K
}
Event: 49.430 GC heap after
{Heap after GC invocations=55 (full 0):
 garbage-first heap   total 336896K, used 226513K [0x0000000080000000, 0x0000000100000000)
  region size 1024K, 12 young (12288K), 12 survivors (12288K)
 Metaspace       used 126826K, committed 129024K, reserved 1179648K
  class space    used 17324K, committed 18432K, reserved 1048576K
}
Event: 51.159 GC heap before
{Heap before GC invocations=55 (full 0):
 garbage-first heap   total 336896K, used 290001K [0x0000000080000000, 0x0000000100000000)
  region size 1024K, 75 young (76800K), 12 survivors (12288K)
 Metaspace       used 127823K, committed 130048K, reserved 1179648K
  class space    used 17433K, committed 18560K, reserved 1048576K
}
Event: 51.285 GC heap after
{Heap after GC invocations=56 (full 0):
 garbage-first heap   total 336896K, used 259072K [0x0000000080000000, 0x0000000100000000)
  region size 1024K, 10 young (10240K), 10 survivors (10240K)
 Metaspace       used 127823K, committed 130048K, reserved 1179648K
  class space    used 17433K, committed 18560K, reserved 1048576K
}

