# JRE version: OpenJDK Runtime Environment (21.0.5) (build 21.0.5+-13047016-b750.29)
# Java VM: OpenJDK 64-Bit Server VM (21.0.5+-13047016-b750.29, mixed mode, tiered, compressed oops, compressed class ptrs, g1 gc, windows-amd64)
GC Precious Log:
 CardTable entry size: 512
 Card Set container configuration: InlinePtr #cards 5 size 8 Array Of Cards #cards 12 size 40 Howl #buckets 4 coarsen threshold 1843 Howl Bitmap #cards 512 size 80 coarsen threshold 460 Card regions per heap region 1 cards per card region 2048
 CPUs: 4 total, 4 available
 Memory: 8111M
 Large Page Support: Disabled
 NUMA Support: Disabled
 Compressed Oops: Enabled (32-bit)
 Heap Region Size: 1M
 Heap Min Capacity: 8M
 Heap Initial Capacity: 128M
 Heap Max Capacity: 2G
 Pre-touch: Disabled
 Parallel Workers: 4
 Concurrent Workers: 1
 Concurrent Refinement Workers: 4
 Periodic GC: Disabled
Heap:
 garbage-first heap   total 322560K, used 252928K [0x0000000080000000, 0x0000000100000000)
  region size 1024K, 34 young (34816K), 7 survivors (7168K)
 Metaspace       used 148621K, committed 151232K, reserved 1179648K
  class space    used 19256K, committed 20544K, reserved 1048576K
GC Heap History (20 events):
Event: 35.587 GC heap before
{Heap before GC invocations=45 (full 0):
 garbage-first heap   total 224256K, used 205130K [0x0000000080000000, 0x0000000100000000)
  region size 1024K, 50 young (51200K), 5 survivors (5120K)
 Metaspace       used 115363K, committed 117696K, reserved 1179648K
  class space    used 15509K, committed 16640K, reserved 1048576K
}
Event: 35.599 GC heap after
{Heap after GC invocations=46 (full 0):
 garbage-first heap   total 269312K, used 162823K [0x0000000080000000, 0x0000000100000000)
  region size 1024K, 5 young (5120K), 5 survivors (5120K)
 Metaspace       used 115363K, committed 117696K, reserved 1179648K
  class space    used 15509K, committed 16640K, reserved 1048576K
}
Event: 37.003 GC heap before
{Heap before GC invocations=47 (full 0):
 garbage-first heap   total 273408K, used 240647K [0x0000000080000000, 0x0000000100000000)
  region size 1024K, 81 young (82944K), 5 survivors (5120K)
 Metaspace       used 115363K, committed 117696K, reserved 1179648K
  class space    used 15509K, committed 16640K, reserved 1048576K
}
Event: 37.017 GC heap after
{Heap after GC invocations=48 (full 0):
 garbage-first heap   total 273408K, used 167102K [0x0000000080000000, 0x0000000100000000)
  region size 1024K, 9 young (9216K), 9 survivors (9216K)
 Metaspace       used 115363K, committed 117696K, reserved 1179648K
  class space    used 15509K, committed 16640K, reserved 1048576K
}
Event: 42.619 GC heap before
{Heap before GC invocations=48 (full 0):
 garbage-first heap   total 273408K, used 247998K [0x0000000080000000, 0x0000000100000000)
  region size 1024K, 87 young (89088K), 9 survivors (9216K)
 Metaspace       used 122943K, committed 125248K, reserved 1179648K
  class space    used 16437K, committed 17600K, reserved 1048576K
}
Event: 42.640 GC heap after
{Heap after GC invocations=49 (full 0):
 garbage-first heap   total 273408K, used 168891K [0x0000000080000000, 0x0000000100000000)
  region size 1024K, 5 young (5120K), 5 survivors (5120K)
 Metaspace       used 122943K, committed 125248K, reserved 1179648K
  class space    used 16437K, committed 17600K, reserved 1048576K
}
Event: 44.719 GC heap before
{Heap before GC invocations=49 (full 0):
 garbage-first heap   total 273408K, used 248763K [0x0000000080000000, 0x0000000100000000)
  region size 1024K, 83 young (84992K), 5 survivors (5120K)
 Metaspace       used 129298K, committed 131712K, reserved 1179648K
  class space    used 17194K, committed 18432K, reserved 1048576K
}
Event: 44.742 GC heap after
{Heap after GC invocations=50 (full 0):
 garbage-first heap   total 273408K, used 175715K [0x0000000080000000, 0x0000000100000000)
  region size 1024K, 11 young (11264K), 11 survivors (11264K)
 Metaspace       used 129298K, committed 131712K, reserved 1179648K
  class space    used 17194K, committed 18432K, reserved 1048576K
}
Event: 46.068 GC heap before
{Heap before GC invocations=51 (full 0):
 garbage-first heap   total 293888K, used 245347K [0x0000000080000000, 0x0000000100000000)
  region size 1024K, 80 young (81920K), 11 survivors (11264K)
 Metaspace       used 130376K, committed 132800K, reserved 1179648K
  class space    used 17314K, committed 18560K, reserved 1048576K
}
Event: 46.098 GC heap after
{Heap after GC invocations=52 (full 0):
 garbage-first heap   total 293888K, used 182227K [0x0000000080000000, 0x0000000100000000)
  region size 1024K, 8 young (8192K), 8 survivors (8192K)
 Metaspace       used 130376K, committed 132800K, reserved 1179648K
  class space    used 17314K, committed 18560K, reserved 1048576K
}
Event: 48.155 GC heap before
{Heap before GC invocations=52 (full 0):
 garbage-first heap   total 293888K, used 267219K [0x0000000080000000, 0x0000000100000000)
  region size 1024K, 92 young (94208K), 8 survivors (8192K)
 Metaspace       used 137229K, committed 139712K, reserved 1179648K
  class space    used 18090K, committed 19328K, reserved 1048576K
}
Event: 48.184 GC heap after
{Heap after GC invocations=53 (full 0):
 garbage-first heap   total 293888K, used 187751K [0x0000000080000000, 0x0000000100000000)
  region size 1024K, 8 young (8192K), 8 survivors (8192K)
 Metaspace       used 137229K, committed 139712K, reserved 1179648K
  class space    used 18090K, committed 19328K, reserved 1048576K
}
Event: 98.418 GC heap before
{Heap before GC invocations=53 (full 0):
 garbage-first heap   total 293888K, used 267623K [0x0000000080000000, 0x0000000100000000)
  region size 1024K, 87 young (89088K), 8 survivors (8192K)
 Metaspace       used 141592K, committed 144064K, reserved 1179648K
  class space    used 18460K, committed 19712K, reserved 1048576K
}
Event: 98.440 GC heap after
{Heap after GC invocations=54 (full 0):
 garbage-first heap   total 293888K, used 191765K [0x0000000080000000, 0x0000000100000000)
  region size 1024K, 5 young (5120K), 5 survivors (5120K)
 Metaspace       used 141592K, committed 144064K, reserved 1179648K
  class space    used 18460K, committed 19712K, reserved 1048576K
}
Event: 100.677 GC heap before
{Heap before GC invocations=55 (full 0):
 garbage-first heap   total 321536K, used 269589K [0x0000000080000000, 0x0000000100000000)
  region size 1024K, 82 young (83968K), 5 survivors (5120K)
 Metaspace       used 144544K, committed 147008K, reserved 1179648K
  class space    used 18851K, committed 20096K, reserved 1048576K
}
Event: 100.701 GC heap after
{Heap after GC invocations=56 (full 0):
 garbage-first heap   total 321536K, used 199038K [0x0000000080000000, 0x0000000100000000)
  region size 1024K, 11 young (11264K), 11 survivors (11264K)
 Metaspace       used 144544K, committed 147008K, reserved 1179648K
  class space    used 18851K, committed 20096K, reserved 1048576K
}
Event: 103.651 GC heap before
{Heap before GC invocations=56 (full 0):
 garbage-first heap   total 321536K, used 291198K [0x0000000080000000, 0x0000000100000000)
  region size 1024K, 102 young (104448K), 11 survivors (11264K)
 Metaspace       used 147093K, committed 149568K, reserved 1179648K
  class space    used 19152K, committed 20416K, reserved 1048576K
}
Event: 103.716 GC heap after
{Heap after GC invocations=57 (full 0):
 garbage-first heap   total 322560K, used 212755K [0x0000000080000000, 0x0000000100000000)
  region size 1024K, 13 young (13312K), 13 survivors (13312K)
 Metaspace       used 147093K, committed 149568K, reserved 1179648K
  class space    used 19152K, committed 20416K, reserved 1048576K
}
Event: 105.013 GC heap before
{Heap before GC invocations=57 (full 0):
 garbage-first heap   total 322560K, used 245523K [0x0000000080000000, 0x0000000100000000)
  region size 1024K, 46 young (47104K), 13 survivors (13312K)
 Metaspace       used 147547K, committed 150080K, reserved 1179648K
  class space    used 19189K, committed 20480K, reserved 1048576K
}
Event: 105.050 GC heap after
{Heap after GC invocations=58 (full 0):
 garbage-first heap   total 322560K, used 220160K [0x0000000080000000, 0x0000000100000000)
  region size 1024K, 7 young (7168K), 7 survivors (7168K)
 Metaspace       used 147547K, committed 150080K, reserved 1179648K
  class space    used 19189K, committed 20480K, reserved 1048576K
}

