# JRE version: OpenJDK Runtime Environment (21.0.5) (build 21.0.5+-13047016-b750.29)
# Java VM: OpenJDK 64-Bit Server VM (21.0.5+-13047016-b750.29, mixed mode, tiered, compressed oops, compressed class ptrs, g1 gc, windows-amd64)
GC Precious Log:
 CardTable entry size: 512
 Card Set container configuration: InlinePtr #cards 5 size 8 Array Of Cards #cards 12 size 40 Howl #buckets 4 coarsen threshold 1843 Howl Bitmap #cards 512 size 80 coarsen threshold 460 Card regions per heap region 1 cards per card region 2048
 CPUs: 4 total, 4 available
 Memory: 8111M
 Large Page Support: Disabled
 NUMA Support: Disabled
 Compressed Oops: Enabled (32-bit)
 Heap Region Size: 1M
 Heap Min Capacity: 8M
 Heap Initial Capacity: 128M
 Heap Max Capacity: 2G
 Pre-touch: Disabled
 Parallel Workers: 4
 Concurrent Workers: 1
 Concurrent Refinement Workers: 4
 Periodic GC: Disabled
Heap:
 garbage-first heap   total 357376K, used 293888K [0x0000000080000000, 0x0000000100000000)
  region size 1024K, 26 young (26624K), 10 survivors (10240K)
 Metaspace       used 135240K, committed 137536K, reserved 1179648K
  class space    used 18094K, committed 19264K, reserved 1048576K
GC Heap History (20 events):
Event: 35.281 GC heap before
{Heap before GC invocations=46 (full 0):
 garbage-first heap   total 232448K, used 187348K [0x0000000080000000, 0x0000000100000000)
  region size 1024K, 54 young (55296K), 6 survivors (6144K)
 Metaspace       used 122507K, committed 124736K, reserved 1179648K
  class space    used 16286K, committed 17408K, reserved 1048576K
}
Event: 35.300 GC heap after
{Heap after GC invocations=47 (full 0):
 garbage-first heap   total 232448K, used 133991K [0x0000000080000000, 0x0000000100000000)
  region size 1024K, 5 young (5120K), 5 survivors (5120K)
 Metaspace       used 122507K, committed 124736K, reserved 1179648K
  class space    used 16286K, committed 17408K, reserved 1048576K
}
Event: 37.329 GC heap before
{Heap before GC invocations=47 (full 0):
 garbage-first heap   total 232448K, used 207719K [0x0000000080000000, 0x0000000100000000)
  region size 1024K, 78 young (79872K), 5 survivors (5120K)
 Metaspace       used 123954K, committed 126208K, reserved 1179648K
  class space    used 16446K, committed 17600K, reserved 1048576K
}
Event: 37.339 GC heap after
{Heap after GC invocations=48 (full 0):
 garbage-first heap   total 232448K, used 129272K [0x0000000080000000, 0x0000000100000000)
  region size 1024K, 3 young (3072K), 3 survivors (3072K)
 Metaspace       used 123954K, committed 126208K, reserved 1179648K
  class space    used 16446K, committed 17600K, reserved 1048576K
}
Event: 40.058 GC heap before
{Heap before GC invocations=48 (full 0):
 garbage-first heap   total 232448K, used 211192K [0x0000000080000000, 0x0000000100000000)
  region size 1024K, 84 young (86016K), 3 survivors (3072K)
 Metaspace       used 125893K, committed 128128K, reserved 1179648K
  class space    used 16678K, committed 17792K, reserved 1048576K
}
Event: 40.076 GC heap after
{Heap after GC invocations=49 (full 0):
 garbage-first heap   total 232448K, used 135132K [0x0000000080000000, 0x0000000100000000)
  region size 1024K, 8 young (8192K), 8 survivors (8192K)
 Metaspace       used 125893K, committed 128128K, reserved 1179648K
  class space    used 16678K, committed 17792K, reserved 1048576K
}
Event: 40.297 GC heap before
{Heap before GC invocations=49 (full 0):
 garbage-first heap   total 232448K, used 141276K [0x0000000080000000, 0x0000000100000000)
  region size 1024K, 15 young (15360K), 8 survivors (8192K)
 Metaspace       used 126201K, committed 128448K, reserved 1179648K
  class space    used 16713K, committed 17856K, reserved 1048576K
}
Event: 40.323 GC heap after
{Heap after GC invocations=50 (full 0):
 garbage-first heap   total 232448K, used 136585K [0x0000000080000000, 0x0000000100000000)
  region size 1024K, 2 young (2048K), 2 survivors (2048K)
 Metaspace       used 126201K, committed 128448K, reserved 1179648K
  class space    used 16713K, committed 17856K, reserved 1048576K
}
Event: 42.640 GC heap before
{Heap before GC invocations=51 (full 0):
 garbage-first heap   total 266240K, used 236937K [0x0000000080000000, 0x0000000100000000)
  region size 1024K, 76 young (77824K), 2 survivors (2048K)
 Metaspace       used 130939K, committed 133184K, reserved 1179648K
  class space    used 17366K, committed 18496K, reserved 1048576K
}
Event: 42.655 GC heap after
{Heap after GC invocations=52 (full 0):
 garbage-first heap   total 266240K, used 170017K [0x0000000080000000, 0x0000000100000000)
  region size 1024K, 10 young (10240K), 10 survivors (10240K)
 Metaspace       used 130939K, committed 133184K, reserved 1179648K
  class space    used 17366K, committed 18496K, reserved 1048576K
}
Event: 43.025 GC heap before
{Heap before GC invocations=52 (full 0):
 garbage-first heap   total 266240K, used 264225K [0x0000000080000000, 0x0000000100000000)
  region size 1024K, 32 young (32768K), 10 survivors (10240K)
 Metaspace       used 131669K, committed 133952K, reserved 1179648K
  class space    used 17450K, committed 18624K, reserved 1048576K
}
Event: 43.057 GC heap after
{Heap after GC invocations=53 (full 0):
 garbage-first heap   total 282624K, used 197440K [0x0000000080000000, 0x0000000100000000)
  region size 1024K, 6 young (6144K), 6 survivors (6144K)
 Metaspace       used 131669K, committed 133952K, reserved 1179648K
  class space    used 17450K, committed 18624K, reserved 1048576K
}
Event: 43.491 GC heap before
{Heap before GC invocations=53 (full 0):
 garbage-first heap   total 282624K, used 234304K [0x0000000080000000, 0x0000000100000000)
  region size 1024K, 44 young (45056K), 6 survivors (6144K)
 Metaspace       used 131812K, committed 134080K, reserved 1179648K
  class space    used 17466K, committed 18624K, reserved 1048576K
}
Event: 43.521 GC heap after
{Heap after GC invocations=54 (full 0):
 garbage-first heap   total 282624K, used 211579K [0x0000000080000000, 0x0000000100000000)
  region size 1024K, 9 young (9216K), 9 survivors (9216K)
 Metaspace       used 131812K, committed 134080K, reserved 1179648K
  class space    used 17466K, committed 18624K, reserved 1048576K
}
Event: 44.194 GC heap before
{Heap before GC invocations=55 (full 0):
 garbage-first heap   total 357376K, used 257659K [0x0000000080000000, 0x0000000100000000)
  region size 1024K, 51 young (52224K), 9 survivors (9216K)
 Metaspace       used 131829K, committed 134144K, reserved 1179648K
  class space    used 17467K, committed 18624K, reserved 1048576K
}
Event: 44.260 GC heap after
{Heap after GC invocations=56 (full 0):
 garbage-first heap   total 357376K, used 230386K [0x0000000080000000, 0x0000000100000000)
  region size 1024K, 7 young (7168K), 7 survivors (7168K)
 Metaspace       used 131829K, committed 134144K, reserved 1179648K
  class space    used 17467K, committed 18624K, reserved 1048576K
}
Event: 45.850 GC heap before
{Heap before GC invocations=56 (full 0):
 garbage-first heap   total 357376K, used 305138K [0x0000000080000000, 0x0000000100000000)
  region size 1024K, 81 young (82944K), 7 survivors (7168K)
 Metaspace       used 134925K, committed 137280K, reserved 1179648K
  class space    used 18057K, committed 19264K, reserved 1048576K
}
Event: 45.970 GC heap after
{Heap after GC invocations=57 (full 0):
 garbage-first heap   total 357376K, used 244736K [0x0000000080000000, 0x0000000100000000)
  region size 1024K, 11 young (11264K), 11 survivors (11264K)
 Metaspace       used 134925K, committed 137280K, reserved 1179648K
  class space    used 18057K, committed 19264K, reserved 1048576K
}
Event: 46.540 GC heap before
{Heap before GC invocations=57 (full 0):
 garbage-first heap   total 357376K, used 311296K [0x0000000080000000, 0x0000000100000000)
  region size 1024K, 76 young (77824K), 11 survivors (11264K)
 Metaspace       used 135221K, committed 137536K, reserved 1179648K
  class space    used 18093K, committed 19264K, reserved 1048576K
}
Event: 46.639 GC heap after
{Heap after GC invocations=58 (full 0):
 garbage-first heap   total 357376K, used 278528K [0x0000000080000000, 0x0000000100000000)
  region size 1024K, 10 young (10240K), 10 survivors (10240K)
 Metaspace       used 135221K, committed 137536K, reserved 1179648K
  class space    used 18093K, committed 19264K, reserved 1048576K
}

