# JRE version: OpenJDK Runtime Environment (21.0.5) (build 21.0.5+-13047016-b750.29)
# Java VM: OpenJDK 64-Bit Server VM (21.0.5+-13047016-b750.29, mixed mode, tiered, compressed oops, compressed class ptrs, g1 gc, windows-amd64)
GC Precious Log:
 CardTable entry size: 512
 Card Set container configuration: InlinePtr #cards 5 size 8 Array Of Cards #cards 12 size 40 Howl #buckets 4 coarsen threshold 1843 Howl Bitmap #cards 512 size 80 coarsen threshold 460 Card regions per heap region 1 cards per card region 2048
 CPUs: 4 total, 4 available
 Memory: 8111M
 Large Page Support: Disabled
 NUMA Support: Disabled
 Compressed Oops: Enabled (32-bit)
 Heap Region Size: 1M
 Heap Min Capacity: 8M
 Heap Initial Capacity: 128M
 Heap Max Capacity: 2G
 Pre-touch: Disabled
 Parallel Workers: 4
 Concurrent Workers: 1
 Concurrent Refinement Workers: 4
 Periodic GC: Disabled
Heap:
 garbage-first heap   total 263168K, used 256238K [0x0000000080000000, 0x0000000100000000)
  region size 1024K, 57 young (58368K), 4 survivors (4096K)
 Metaspace       used 125187K, committed 127488K, reserved 1179648K
  class space    used 16892K, committed 18048K, reserved 1048576K
GC Heap History (20 events):
Event: 58.914 GC heap after
{Heap after GC invocations=48 (full 0):
 garbage-first heap   total 160768K, used 97277K [0x0000000080000000, 0x0000000100000000)
  region size 1024K, 5 young (5120K), 5 survivors (5120K)
 Metaspace       used 109307K, committed 111424K, reserved 1179648K
  class space    used 14894K, committed 15936K, reserved 1048576K
}
Event: 60.637 GC heap before
{Heap before GC invocations=48 (full 0):
 garbage-first heap   total 160768K, used 144381K [0x0000000080000000, 0x0000000100000000)
  region size 1024K, 52 young (53248K), 5 survivors (5120K)
 Metaspace       used 112228K, committed 114304K, reserved 1179648K
  class space    used 15230K, committed 16256K, reserved 1048576K
}
Event: 60.664 GC heap after
{Heap after GC invocations=49 (full 0):
 garbage-first heap   total 160768K, used 102081K [0x0000000080000000, 0x0000000100000000)
  region size 1024K, 7 young (7168K), 7 survivors (7168K)
 Metaspace       used 112228K, committed 114304K, reserved 1179648K
  class space    used 15230K, committed 16256K, reserved 1048576K
}
Event: 61.150 GC heap before
{Heap before GC invocations=49 (full 0):
 garbage-first heap   total 160768K, used 110273K [0x0000000080000000, 0x0000000100000000)
  region size 1024K, 17 young (17408K), 7 survivors (7168K)
 Metaspace       used 112670K, committed 114752K, reserved 1179648K
  class space    used 15270K, committed 16320K, reserved 1048576K
}
Event: 61.165 GC heap after
{Heap after GC invocations=50 (full 0):
 garbage-first heap   total 160768K, used 105216K [0x0000000080000000, 0x0000000100000000)
  region size 1024K, 4 young (4096K), 4 survivors (4096K)
 Metaspace       used 112670K, committed 114752K, reserved 1179648K
  class space    used 15270K, committed 16320K, reserved 1048576K
}
Event: 63.281 GC heap before
{Heap before GC invocations=51 (full 0):
 garbage-first heap   total 184320K, used 146176K [0x0000000080000000, 0x0000000100000000)
  region size 1024K, 39 young (39936K), 4 survivors (4096K)
 Metaspace       used 115921K, committed 118080K, reserved 1179648K
  class space    used 15622K, committed 16704K, reserved 1048576K
}
Event: 63.296 GC heap after
{Heap after GC invocations=52 (full 0):
 garbage-first heap   total 184320K, used 108629K [0x0000000080000000, 0x0000000100000000)
  region size 1024K, 5 young (5120K), 5 survivors (5120K)
 Metaspace       used 115921K, committed 118080K, reserved 1179648K
  class space    used 15622K, committed 16704K, reserved 1048576K
}
Event: 64.900 GC heap before
{Heap before GC invocations=52 (full 0):
 garbage-first heap   total 184320K, used 157781K [0x0000000080000000, 0x0000000100000000)
  region size 1024K, 54 young (55296K), 5 survivors (5120K)
 Metaspace       used 116484K, committed 118592K, reserved 1179648K
  class space    used 15727K, committed 16768K, reserved 1048576K
}
Event: 64.918 GC heap after
{Heap after GC invocations=53 (full 0):
 garbage-first heap   total 184320K, used 112744K [0x0000000080000000, 0x0000000100000000)
  region size 1024K, 5 young (5120K), 5 survivors (5120K)
 Metaspace       used 116484K, committed 118592K, reserved 1179648K
  class space    used 15727K, committed 16768K, reserved 1048576K
}
Event: 66.269 GC heap before
{Heap before GC invocations=53 (full 0):
 garbage-first heap   total 184320K, used 160872K [0x0000000080000000, 0x0000000100000000)
  region size 1024K, 53 young (54272K), 5 survivors (5120K)
 Metaspace       used 116853K, committed 119040K, reserved 1179648K
  class space    used 15777K, committed 16832K, reserved 1048576K
}
Event: 66.286 GC heap after
{Heap after GC invocations=54 (full 0):
 garbage-first heap   total 184320K, used 116013K [0x0000000080000000, 0x0000000100000000)
  region size 1024K, 5 young (5120K), 5 survivors (5120K)
 Metaspace       used 116853K, committed 119040K, reserved 1179648K
  class space    used 15777K, committed 16832K, reserved 1048576K
}
Event: 70.718 GC heap before
{Heap before GC invocations=55 (full 0):
 garbage-first heap   total 194560K, used 164141K [0x0000000080000000, 0x0000000100000000)
  region size 1024K, 53 young (54272K), 5 survivors (5120K)
 Metaspace       used 119851K, committed 122048K, reserved 1179648K
  class space    used 16134K, committed 17280K, reserved 1048576K
}
Event: 70.738 GC heap after
{Heap after GC invocations=56 (full 0):
 garbage-first heap   total 194560K, used 120318K [0x0000000080000000, 0x0000000100000000)
  region size 1024K, 6 young (6144K), 6 survivors (6144K)
 Metaspace       used 119851K, committed 122048K, reserved 1179648K
  class space    used 16134K, committed 17280K, reserved 1048576K
}
Event: 72.705 GC heap before
{Heap before GC invocations=56 (full 0):
 garbage-first heap   total 194560K, used 172542K [0x0000000080000000, 0x0000000100000000)
  region size 1024K, 58 young (59392K), 6 survivors (6144K)
 Metaspace       used 121341K, committed 123584K, reserved 1179648K
  class space    used 16353K, committed 17472K, reserved 1048576K
}
Event: 72.726 GC heap after
{Heap after GC invocations=57 (full 0):
 garbage-first heap   total 194560K, used 122028K [0x0000000080000000, 0x0000000100000000)
  region size 1024K, 5 young (5120K), 5 survivors (5120K)
 Metaspace       used 121341K, committed 123584K, reserved 1179648K
  class space    used 16353K, committed 17472K, reserved 1048576K
}
Event: 72.809 GC heap before
{Heap before GC invocations=57 (full 0):
 garbage-first heap   total 194560K, used 126124K [0x0000000080000000, 0x0000000100000000)
  region size 1024K, 10 young (10240K), 5 survivors (5120K)
 Metaspace       used 121479K, committed 123776K, reserved 1179648K
  class space    used 16370K, committed 17536K, reserved 1048576K
}
Event: 72.821 GC heap after
{Heap after GC invocations=58 (full 0):
 garbage-first heap   total 194560K, used 122792K [0x0000000080000000, 0x0000000100000000)
  region size 1024K, 5 young (5120K), 5 survivors (5120K)
 Metaspace       used 121479K, committed 123776K, reserved 1179648K
  class space    used 16370K, committed 17536K, reserved 1048576K
}
Event: 87.559 GC heap before
{Heap before GC invocations=59 (full 0):
 garbage-first heap   total 247808K, used 246696K [0x0000000080000000, 0x0000000100000000)
  region size 1024K, 47 young (48128K), 5 survivors (5120K)
 Metaspace       used 124874K, committed 127168K, reserved 1179648K
  class space    used 16849K, committed 17984K, reserved 1048576K
}
Event: 87.596 GC heap after
{Heap after GC invocations=60 (full 0):
 garbage-first heap   total 262144K, used 181486K [0x0000000080000000, 0x0000000100000000)
  region size 1024K, 8 young (8192K), 8 survivors (8192K)
 Metaspace       used 124874K, committed 127168K, reserved 1179648K
  class space    used 16849K, committed 17984K, reserved 1048576K
}
Event: 91.624 GC heap before
{Heap before GC invocations=60 (full 0):
 garbage-first heap   total 262144K, used 255214K [0x0000000080000000, 0x0000000100000000)
  region size 1024K, 61 young (62464K), 8 survivors (8192K)
 Metaspace       used 125187K, committed 127488K, reserved 1179648K
  class space    used 16892K, committed 18048K, reserved 1048576K
}

